********************************************************************************
DUPLICATOR-LITE PACKAGE-LOG: November 6, 2021 8:58 am
NOTICE: Do NOT post to public sites or forums 
********************************************************************************
VERSION:	1.4.3
WORDPRESS:	5.8.1
PHP INFO:	7.3.27 | SAPI: apache2handler
SERVER:		Apache/2.4.46 (Win64) OpenSSL/1.1.1j PHP/7.3.27 
PHP TIME LIMIT: (0) no time limit imposed 
PHP MAX MEMORY: 4294967296 (512M default) 
MEMORY STACK: 8MB

********************************************************************************
DATABASE:
********************************************************************************
BUILD MODE:   MYSQLDUMP
MYSQLTIMEOUT: 5000
MYSQLDUMP:    Is Supported
[PHP ERR][NOTICE] MSG:Only variables should be passed by reference [CODE:8|FILE:C:\xampp\htdocs\tv-flix\wp-content\plugins\duplicator\classes\package\class.pack.database.php|LINE:391]
do_action('wp_ajax_duplicator_package_build'), WP_Hook->do_action, WP_Hook->apply_filters, duplicator_package_build, DUP_Package->runZipBuild, DUP_Database->build, DUP_Database->mysqlDump, DUP_Handler::error, DUP_Handler::getMessage
SQL CREATED: 20211106_tvflix_f1a40ce7f26c01304609_20211106085806_database.sql
SQL FILE SIZE: 1.08MB (1132023)
SQL FILE TIME: 2021-11-06 08:58:44
SQL RUNTIME: 1.66 sec.

********************************************************************************
ARCHIVE (ZIP):
********************************************************************************
ARCHIVE DIR:  C:/xampp/htdocs/tv-flix
ARCHIVE FILE: 20211106_tvflix_f1a40ce7f26c01304609_20211106085806_archive.zip
FILTERS: *OFF*
DIRS:
	not set
FILES:
	not set
EXTS:  not set
----------------------------------------
COMPRESSING
SIZE:	235.94MB
STATS:	Dirs 4,752 | Files 34,657
SQL ADDED: 20211106_tvflix_f1a40ce7f26c01304609_20211106085806_database.sql
ZipArchive Object
(
    [status] => 0
    [statusSys] => 0
    [numFiles] => 39409
    [filename] => C:\xampp\htdocs\tv-flix\wp-content\backups-dup-lite\tmp\20211106_tvflix_f1a40ce7f26c01304609_20211106085806_archive.zip
    [comment] => 
)

FILE ADDED TO ZIP: 39408
COMPRESSION RESULT: '1'
COMPRESSED SIZE: 93.63MB
ARCHIVE RUNTIME: 621.35 sec.
MEMORY STACK: 24MB
building installer
add_extra_files1
add_extra_files2
add_extra_files3
add_extra_files4
Doing archive file check
add_extra_files5
add_extra_files6
add_extra_files8
Successfully opened zip C:/xampp/htdocs/tv-flix/wp-content/backups-dup-lite/tmp/20211106_tvflix_f1a40ce7f26c01304609_20211106085806_archive.zip
Adding enhanced installer files to archive using ZipArchive
Installer files added to archive
Added to archive
After ziparchive close when adding installer

********************************************************************************
INTEGRITY CHECKS:
********************************************************************************
SQL FILE: 1.08MB
INSTALLER FILE: 64.25KB
ARCHIVE FILE: 94.81MB 
EXPECTED FILE/DIRECTORY COUNT: 39,409
ACTUAL FILE/DIRECTORY COUNT: 39,408
ARCHIVE CONSISTENCY TEST: Pass

********************************************************************************
RECORD ID:[1]
TOTAL PROCESS RUNTIME: 628.56 sec.
PEAK PHP MEMORY USED: 36MB
DONE PROCESSING => 20211106_tvflix November 6, 2021 9:09 am

