********************************************************************************
DUPLICATOR-LITE PACKAGE-LOG: November 6, 2021 9:08 am
NOTICE: Do NOT post to public sites or forums 
********************************************************************************
VERSION:	1.4.3
WORDPRESS:	5.8.1
PHP INFO:	7.3.27 | SAPI: apache2handler
SERVER:		Apache/2.4.46 (Win64) OpenSSL/1.1.1j PHP/7.3.27 
PHP TIME LIMIT: (0) no time limit imposed 
PHP MAX MEMORY: 4294967296 (512M default) 
MEMORY STACK: 4MB

********************************************************************************
DATABASE:
********************************************************************************
BUILD MODE:   MYSQLDUMP
MYSQLTIMEOUT: 5000
MYSQLDUMP:    Is Supported
[PHP ERR][NOTICE] MSG:Only variables should be passed by reference [CODE:8|FILE:C:\xampp\htdocs\tv-flix\wp-content\plugins\duplicator\classes\package\class.pack.database.php|LINE:391]
do_action('wp_ajax_duplicator_package_build'), WP_Hook->do_action, WP_Hook->apply_filters, duplicator_package_build, DUP_Package->runZipBuild, DUP_Database->build, DUP_Database->mysqlDump, DUP_Handler::error, DUP_Handler::getMessage
SQL CREATED: 20211106_tvflix_de6ea2e97f9077202257_20211106090840_database.sql
SQL FILE SIZE: 1.04MB (1086169)
SQL FILE TIME: 2021-11-06 09:08:56
SQL RUNTIME: 2.04 sec.

********************************************************************************
ARCHIVE (ZIP):
********************************************************************************
ARCHIVE DIR:  C:/xampp/htdocs/tv-flix
ARCHIVE FILE: 20211106_tvflix_de6ea2e97f9077202257_20211106090840_archive.zip
FILTERS: *ON*
DIRS:
	C:/xampp/htdocs/tv-flix/wp-content/themes/tv-flix/assets/node_modules
	C:/xampp/htdocs/tv-flix/wp-content/themes/tv-flix/assets/src
FILES:
	C:/xampp/htdocs/tv-flix/wp-content/themes/tv-flix/assets/.babelrc
	C:/xampp/htdocs/tv-flix/wp-content/themes/tv-flix/assets/package-lock.json
	C:/xampp/htdocs/tv-flix/wp-content/themes/tv-flix/assets/package.json
	C:/xampp/htdocs/tv-flix/wp-content/themes/tv-flix/assets/webpack.config.js
EXTS:  not set
----------------------------------------
COMPRESSING
SIZE:	151.3MB
STATS:	Dirs 2,585 | Files 18,886
SQL ADDED: 20211106_tvflix_de6ea2e97f9077202257_20211106090840_database.sql
ZipArchive Object
(
    [status] => 0
    [statusSys] => 0
    [numFiles] => 21471
    [filename] => C:\xampp\htdocs\tv-flix\wp-content\backups-dup-lite\tmp\20211106_tvflix_de6ea2e97f9077202257_20211106090840_archive.zip
    [comment] => 
)

FILE ADDED TO ZIP: 21470
COMPRESSION RESULT: '1'
COMPRESSED SIZE: 61.32MB
ARCHIVE RUNTIME: 79.22 sec.
MEMORY STACK: 12MB
building installer
add_extra_files1
add_extra_files2
add_extra_files3
add_extra_files4
Doing archive file check
add_extra_files5
add_extra_files6
add_extra_files8
Successfully opened zip C:/xampp/htdocs/tv-flix/wp-content/backups-dup-lite/tmp/20211106_tvflix_de6ea2e97f9077202257_20211106090840_archive.zip
Adding enhanced installer files to archive using ZipArchive
Installer files added to archive
Added to archive
After ziparchive close when adding installer

********************************************************************************
INTEGRITY CHECKS:
********************************************************************************
SQL FILE: 1.04MB
INSTALLER FILE: 64.25KB
ARCHIVE FILE: 62.4MB 
EXPECTED FILE/DIRECTORY COUNT: 21,471
ACTUAL FILE/DIRECTORY COUNT: 21,470
ARCHIVE CONSISTENCY TEST: Pass

********************************************************************************
RECORD ID:[2]
TOTAL PROCESS RUNTIME: 82.49 sec.
PEAK PHP MEMORY USED: 18MB
DONE PROCESSING => 20211106_tvflix November 6, 2021 9:10 am

